<?xml version="1.0" encoding="UTF-8"?>
<testsuite xmlns:xsi="http://www.w3.org/2001/XMLSchema-instance" xsi:noNamespaceSchemaLocation="https://maven.apache.org/surefire/maven-surefire-plugin/xsd/surefire-test-report.xsd" version="3.0.2" name="com.mongodb.samplemflix.controller.MovieControllerTest" time="0.518" tests="29" errors="0" skipped="0" failures="0">
  <properties>
[...]
</properties>
  <testcase name="testCreateMovie_Success" classname="MovieController Unit Tests" time="0.13">
    <system-out><![CDATA[2025-10-31T17:34:49.026-04:00  INFO 8016 --- [sample-app-java-mflix] [           main] t.c.s.AnnotationConfigContextLoaderUtils : Could not detect default configuration classes for test class [com.mongodb.samplemflix.controller.MovieControllerTest]: MovieControllerTest does not declare any static, non-private, non-final, nested classes annotated with @Configuration.
2025-10-31T17:34:49.044-04:00  INFO 8016 --- [sample-app-java-mflix] [           main] .b.t.c.SpringBootTestContextBootstrapper : Found @SpringBootConfiguration com.mongodb.samplemflix.SampleMflixApplication for test class com.mongodb.samplemflix.controller.MovieControllerTest
2025-10-31T17:34:49.049-04:00  INFO 8016 --- [sample-app-java-mflix] [           main] m.p.springdotenv.DotenvPropertySource    : Initialized Dotenv with DotenvConfig{directory=null, filename=null, ignoreIfMalformed=false, ignoreIfMissing=true, systemProperties=false, prefix=null}

  .   ____          _            __ _ _
 /\\ / ___'_ __ _ _(_)_ __  __ _ \ \ \ \
( ( )\___ | '_ | '_| | '_ \/ _` | \ \ \ \
 \\/  ___)| |_)| | | | | || (_| |  ) ) ) )
  '  |____| .__|_| |_|_| |_\__, | / / / /
 =========|_|==============|___/=/_/_/_/

 :: Spring Boot ::                (v3.5.7)

2025-10-31T17:34:49.060-04:00  INFO 8016 --- [sample-app-java-mflix] [           main] c.m.s.controller.MovieControllerTest     : Starting MovieControllerTest using Java 21.0.4 with PID 8016 (started by cory.bullinger in /Users/cory.bullinger/git/z_TEMP/docs-sample-apps/server/java-spring)
2025-10-31T17:34:49.061-04:00  INFO 8016 --- [sample-app-java-mflix] [           main] c.m.s.controller.MovieControllerTest     : No active profile set, falling back to 1 default profile: "default"
2025-10-31T17:34:49.275-04:00  INFO 8016 --- [sample-app-java-mflix] [           main] o.s.b.t.m.w.SpringBootMockServletContext : Initializing Spring TestDispatcherServlet ''
2025-10-31T17:34:49.275-04:00  INFO 8016 --- [sample-app-java-mflix] [           main] o.s.t.web.servlet.TestDispatcherServlet  : Initializing Servlet ''
2025-10-31T17:34:49.276-04:00  INFO 8016 --- [sample-app-java-mflix] [           main] o.s.t.web.servlet.TestDispatcherServlet  : Completed initialization in 0 ms
2025-10-31T17:34:49.282-04:00  INFO 8016 --- [sample-app-java-mflix] [           main] c.m.s.controller.MovieControllerTest     : Started MovieControllerTest in 0.236 seconds (process running for 4.354)
]]></system-out>
  </testcase>
  <testcase name="testGetMovieById_Success" classname="MovieController Unit Tests" time="0.004"/>
  <testcase name="testSearchMoviesByPlot_MissingPlotParameter" classname="MovieController Unit Tests" time="0.008">
    <system-out><![CDATA[2025-10-31T17:34:49.424-04:00 ERROR 8016 --- [sample-app-java-mflix] [           main] c.m.s.exception.GlobalExceptionHandler   : Validation error: At least one search parameter must be provided
]]></system-out>
  </testcase>
  <testcase name="testFindAndDeleteMovie_Success" classname="MovieController Unit Tests" time="0.012"/>
  <testcase name="testGetDirectorsWithMostMovies_WithLimit" classname="MovieController Unit Tests" time="0.006"/>
  <testcase name="testGetMoviesByYearWithStats_Success" classname="MovieController Unit Tests" time="0.007"/>
  <testcase name="testSearchMoviesByPlot_NoResults" classname="MovieController Unit Tests" time="0.003"/>
  <testcase name="testSearchMoviesByPlot_Success" classname="MovieController Unit Tests" time="0.003"/>
  <testcase name="testGetMoviesWithMostComments_Success" classname="MovieController Unit Tests" time="0.008"/>
  <testcase name="testSearchMoviesByPlot_WithPagination" classname="MovieController Unit Tests" time="0.003"/>
  <testcase name="testGetMoviesWithMostComments_WithLimit" classname="MovieController Unit Tests" time="0.003"/>
  <testcase name="testGetAllMovies_Success" classname="MovieController Unit Tests" time="0.004"/>
  <testcase name="testGetDirectorsWithMostMovies_Success" classname="MovieController Unit Tests" time="0.004"/>
  <testcase name="testGetMoviesWithMostComments_InvalidMovieId" classname="MovieController Unit Tests" time="0.002">
    <system-out><![CDATA[2025-10-31T17:34:49.487-04:00 ERROR 8016 --- [sample-app-java-mflix] [           main] c.m.s.exception.GlobalExceptionHandler   : Validation error: Invalid movie ID format
]]></system-out>
  </testcase>
  <testcase name="testGetMovieById_NotFound" classname="MovieController Unit Tests" time="0.003">
    <system-out><![CDATA[2025-10-31T17:34:49.490-04:00 ERROR 8016 --- [sample-app-java-mflix] [           main] c.m.s.exception.GlobalExceptionHandler   : Resource not found: Movie not found
]]></system-out>
  </testcase>
  <testcase name="testGetMoviesWithMostComments_WithMovieId" classname="MovieController Unit Tests" time="0.002"/>
  <testcase name="testSearchMoviesByPlot_ValidationError" classname="MovieController Unit Tests" time="0.002">
    <system-out><![CDATA[2025-10-31T17:34:49.496-04:00 ERROR 8016 --- [sample-app-java-mflix] [           main] c.m.s.exception.GlobalExceptionHandler   : Validation error: Plot query cannot be empty
]]></system-out>
  </testcase>
  <testcase name="testGetMovieById_InvalidId" classname="MovieController Unit Tests" time="0.002">
    <system-out><![CDATA[2025-10-31T17:34:49.498-04:00 ERROR 8016 --- [sample-app-java-mflix] [           main] c.m.s.exception.GlobalExceptionHandler   : Validation error: Invalid movie ID format
]]></system-out>
  </testcase>
  <testcase name="testDeleteMovie_Success" classname="MovieController Unit Tests" time="0.003"/>
  <testcase name="testUpdateMovie_NotFound" classname="MovieController Unit Tests" time="0.005">
    <system-out><![CDATA[2025-10-31T17:34:49.508-04:00 ERROR 8016 --- [sample-app-java-mflix] [           main] c.m.s.exception.GlobalExceptionHandler   : Resource not found: Movie not found
]]></system-out>
  </testcase>
  <testcase name="testCreateMoviesBatch_Success" classname="MovieController Unit Tests" time="0.007"/>
  <testcase name="testUpdateMovie_Success" classname="MovieController Unit Tests" time="0.003"/>
  <testcase name="testSearchMovies_WithSearchOperator" classname="MovieController Unit Tests" time="0.002"/>
  <testcase name="testSearchMovies_InvalidSearchOperator" classname="MovieController Unit Tests" time="0.002">
    <system-out><![CDATA[2025-10-31T17:34:49.525-04:00 ERROR 8016 --- [sample-app-java-mflix] [           main] c.m.s.exception.GlobalExceptionHandler   : Validation error: Invalid search_operator 'invalid'. The search_operator must be one of: must, should, mustNot, filter
]]></system-out>
  </testcase>
  <testcase name="testGetAllMovies_WithQueryParams" classname="MovieController Unit Tests" time="0.004"/>
  <testcase name="testDeleteMovie_NotFound" classname="MovieController Unit Tests" time="0.002">
    <system-out><![CDATA[2025-10-31T17:34:49.532-04:00 ERROR 8016 --- [sample-app-java-mflix] [           main] c.m.s.exception.GlobalExceptionHandler   : Resource not found: Movie not found
]]></system-out>
  </testcase>
  <testcase name="testSearchMovies_MultipleFields" classname="MovieController Unit Tests" time="0.003"/>
  <testcase name="testFindAndDeleteMovie_NotFound" classname="MovieController Unit Tests" time="0.003">
    <system-out><![CDATA[2025-10-31T17:34:49.539-04:00 ERROR 8016 --- [sample-app-java-mflix] [           main] c.m.s.exception.GlobalExceptionHandler   : Resource not found: Movie not found
]]></system-out>
  </testcase>
  <testcase name="testCreateMovie_ValidationError" classname="MovieController Unit Tests" time="0.002">
    <system-out><![CDATA[2025-10-31T17:34:49.541-04:00 ERROR 8016 --- [sample-app-java-mflix] [           main] c.m.s.exception.GlobalExceptionHandler   : Validation error: Title is required
]]></system-out>
  </testcase>
</testsuite>