<?xml version="1.0" encoding="UTF-8"?>
<testsuite xmlns:xsi="http://www.w3.org/2001/XMLSchema-instance" xsi:noNamespaceSchemaLocation="https://maven.apache.org/surefire/maven-surefire-plugin/xsd/surefire-test-report.xsd" version="3.0.2" name="com.mongodb.samplemflix.service.MovieServiceTest" time="0.48" tests="27" errors="0" skipped="0" failures="0">
  <properties>
[...]
</properties>
  <testcase name="testDeleteMovie_InvalidId" classname="MovieService Unit Tests" time="0.355"/>
  <testcase name="testCreateMovie_Success" classname="MovieService Unit Tests" time="0.003"/>
  <testcase name="testFindAndDeleteMovie_Success" classname="MovieService Unit Tests" time="0.011"/>
  <testcase name="testGetAllMovies_WithCustomPagination" classname="MovieService Unit Tests" time="0.003"/>
  <testcase name="testGetAllMovies_EnforcesMinLimit" classname="MovieService Unit Tests" time="0.002"/>
  <testcase name="testGetMoviesByYearWithStats_Success" classname="MovieService Unit Tests" time="0.035"/>
  <testcase name="testUpdateMovie_EmptyRequest" classname="MovieService Unit Tests" time="0.007"/>
  <testcase name="testGetMoviesWithMostComments_Success" classname="MovieService Unit Tests" time="0.004"/>
  <testcase name="testUpdateMovie_InvalidId" classname="MovieService Unit Tests" time="0.001"/>
  <testcase name="testGetMovieById_InvalidIdFormat" classname="MovieService Unit Tests" time="0.001"/>
  <testcase name="testGetDirectorsWithMostMovies_Success" classname="MovieService Unit Tests" time="0.001"/>
  <testcase name="testCreateMovie_EmptyTitle" classname="MovieService Unit Tests" time="0.001"/>
  <testcase name="testGetMoviesWithMostComments_InvalidMovieId" classname="MovieService Unit Tests" time="0.001"/>
  <testcase name="testGetMovieById_NotFound" classname="MovieService Unit Tests" time="0.002"/>
  <testcase name="testGetMoviesWithMostComments_WithMovieId" classname="MovieService Unit Tests" time="0.001"/>
  <testcase name="testGetAllMovies_EnforcesMaxLimit" classname="MovieService Unit Tests" time="0.001"/>
  <testcase name="testFindAndDeleteMovie_InvalidId" classname="MovieService Unit Tests" time="0.001"/>
  <testcase name="testGetAllMovies_WithDefaults" classname="MovieService Unit Tests" time="0.001"/>
  <testcase name="testGetMovieById_ValidId" classname="MovieService Unit Tests" time="0.001"/>
  <testcase name="testDeleteMovie_Success" classname="MovieService Unit Tests" time="0.001"/>
  <testcase name="testUpdateMovie_NotFound" classname="MovieService Unit Tests" time="0.027"/>
  <testcase name="testCreateMoviesBatch_Success" classname="MovieService Unit Tests" time="0.002"/>
  <testcase name="testUpdateMovie_Success" classname="MovieService Unit Tests" time="0.002"/>
  <testcase name="testGetDirectorsWithMostMovies_DefaultLimit" classname="MovieService Unit Tests" time="0.001"/>
  <testcase name="testCreateMovie_NullTitle" classname="MovieService Unit Tests" time="0.001"/>
  <testcase name="testDeleteMovie_NotFound" classname="MovieService Unit Tests" time="0.001"/>
  <testcase name="testFindAndDeleteMovie_NotFound" classname="MovieService Unit Tests" time="0.001"/>
</testsuite>