<?xml version="1.0" encoding="UTF-8"?>
<testsuite xmlns:xsi="http://www.w3.org/2001/XMLSchema-instance" xsi:noNamespaceSchemaLocation="https://maven.apache.org/surefire/maven-surefire-plugin/xsd/surefire-test-report.xsd" version="3.0.2" name="com.mongodb.samplemflix.integration.AtlasSearchIntegrationTest" time="3.677" tests="4" errors="0" skipped="0" failures="0">
  <properties>
[...]
</properties>
  <testcase name="testSearchMoviesByPlot_WithLimit" classname="Atlas Search Integration Tests" time="0.186">
    <system-out><![CDATA[17:34:45.435 [main] INFO org.springframework.test.context.support.AnnotationConfigContextLoaderUtils -- Could not detect default configuration classes for test class [com.mongodb.samplemflix.integration.AtlasSearchIntegrationTest]: AtlasSearchIntegrationTest does not declare any static, non-private, non-final, nested classes annotated with @Configuration.
17:34:45.512 [main] INFO org.springframework.boot.test.context.SpringBootTestContextBootstrapper -- Found @SpringBootConfiguration com.mongodb.samplemflix.SampleMflixApplication for test class com.mongodb.samplemflix.integration.AtlasSearchIntegrationTest

  .   ____          _            __ _ _
 /\\ / ___'_ __ _ _(_)_ __  __ _ \ \ \ \
( ( )\___ | '_ | '_| | '_ \/ _` | \ \ \ \
 \\/  ___)| |_)| | | | | || (_| |  ) ) ) )
  '  |____| .__|_| |_|_| |_\__, | / / / /
 =========|_|==============|___/=/_/_/_/

 :: Spring Boot ::                (v3.5.7)

2025-10-31T17:34:45.759-04:00  INFO 8016 --- [sample-app-java-mflix] [           main] c.m.s.i.AtlasSearchIntegrationTest       : Starting AtlasSearchIntegrationTest using Java 21.0.4 with PID 8016 (started by cory.bullinger in /Users/cory.bullinger/git/z_TEMP/docs-sample-apps/server/java-spring)
2025-10-31T17:34:45.760-04:00 DEBUG 8016 --- [sample-app-java-mflix] [           main] c.m.s.i.AtlasSearchIntegrationTest       : Running with Spring Boot v3.5.7, Spring v6.2.12
2025-10-31T17:34:45.760-04:00  INFO 8016 --- [sample-app-java-mflix] [           main] c.m.s.i.AtlasSearchIntegrationTest       : The following 1 profile is active: "test"
2025-10-31T17:34:46.050-04:00  INFO 8016 --- [sample-app-java-mflix] [           main] .s.d.r.c.RepositoryConfigurationDelegate : Bootstrapping Spring Data MongoDB repositories in DEFAULT mode.
2025-10-31T17:34:46.071-04:00  INFO 8016 --- [sample-app-java-mflix] [           main] .s.d.r.c.RepositoryConfigurationDelegate : Finished Spring Data repository scanning in 18 ms. Found 1 MongoDB repository interface.
2025-10-31T17:34:46.754-04:00  INFO 8016 --- [sample-app-java-mflix] [           main] org.mongodb.driver.client                : MongoClient with metadata {"driver": {"name": "mongo-java-driver|sync|spring-data", "version": "5.5.2"}, "os": {"type": "Darwin", "name": "Mac OS X", "architecture": "aarch64", "version": "15.7.1"}, "platform": "Java/Amazon.com Inc./21.0.4+7-LTS"} created with settings MongoClientSettings{readPreference=primary, writeConcern=WriteConcern{w=majority, wTimeout=null ms, journal=null}, retryWrites=true, retryReads=true, readConcern=ReadConcern{level=null}, credential=MongoCredential{mechanism=null, userName='cory', source='admin', password=<hidden>, mechanismProperties=<hidden>}, transportSettings=null, commandListeners=[], codecRegistry=ProvidersCodecRegistry{codecProviders=[ValueCodecProvider{}, BsonValueCodecProvider{}, DBRefCodecProvider{}, DBObjectCodecProvider{}, DocumentCodecProvider{}, CollectionCodecProvider{}, IterableCodecProvider{}, MapCodecProvider{}, GeoJsonCodecProvider{}, GridFSFileCodecProvider{}, Jsr310CodecProvider{}, JsonObjectCodecProvider{}, BsonCodecProvider{}, EnumCodecProvider{}, com.mongodb.client.model.mql.ExpressionCodecProvider@51888019, com.mongodb.Jep395RecordCodecProvider@6f50d55c, com.mongodb.KotlinCodecProvider@19b5214b]}, loggerSettings=LoggerSettings{maxDocumentLength=1000}, clusterSettings={hosts=[127.0.0.1:27017], srvHost=sandbox.8haydsw.mongodb.net, srvServiceName=mongodb, mode=MULTIPLE, requiredClusterType=REPLICA_SET, requiredReplicaSetName='atlas-8zgru4-shard-0', serverSelector='null', clusterListeners='[]', serverSelectionTimeout='10000 ms', localThreshold='15 ms'}, socketSettings=SocketSettings{connectTimeoutMS=10000, readTimeoutMS=60000, receiveBufferSize=0, proxySettings=ProxySettings{host=null, port=null, username=null, password=null}}, heartbeatSocketSettings=SocketSettings{connectTimeoutMS=10000, readTimeoutMS=10000, receiveBufferSize=0, proxySettings=ProxySettings{host=null, port=null, username=null, password=null}}, connectionPoolSettings=ConnectionPoolSettings{maxSize=100, minSize=10, maxWaitTimeMS=10000, maxConnectionLifeTimeMS=0, maxConnectionIdleTimeMS=60000, maintenanceInitialDelayMS=0, maintenanceFrequencyMS=60000, connectionPoolListeners=[], maxConnecting=2}, serverSettings=ServerSettings{heartbeatFrequencyMS=10000, minHeartbeatFrequencyMS=500, serverMonitoringMode=AUTO, serverListeners='[]', serverMonitorListeners='[]'}, sslSettings=SslSettings{enabled=true, invalidHostNameAllowed=false, context=null}, applicationName='null', compressorList=[], uuidRepresentation=JAVA_LEGACY, serverApi=null, autoEncryptionSettings=null, dnsClient=null, inetAddressResolver=null, contextProvider=null, timeoutMS=null}
2025-10-31T17:34:46.759-04:00  INFO 8016 --- [sample-app-java-mflix] [           main] c.m.s.config.DatabaseVerification        : Starting database verification for 'sample_mflix'...
2025-10-31T17:34:46.772-04:00  INFO 8016 --- [sample-app-java-mflix] [           main] org.mongodb.driver.cluster               : Waiting for server to become available for operation with ID 2. Remaining time: 9996 ms. Selector: ReadPreferenceServerSelector{readPreference=primary}, topology description: {type=UNKNOWN, servers=[].
2025-10-31T17:34:46.864-04:00  INFO 8016 --- [sample-app-java-mflix] [dsw.mongodb.net] org.mongodb.driver.cluster               : Adding discovered server ac-r7le7v3-shard-00-02.8haydsw.mongodb.net:27017 to client view of cluster
2025-10-31T17:34:46.876-04:00  INFO 8016 --- [sample-app-java-mflix] [dsw.mongodb.net] org.mongodb.driver.cluster               : Adding discovered server ac-r7le7v3-shard-00-01.8haydsw.mongodb.net:27017 to client view of cluster
2025-10-31T17:34:46.877-04:00  INFO 8016 --- [sample-app-java-mflix] [dsw.mongodb.net] org.mongodb.driver.cluster               : Adding discovered server ac-r7le7v3-shard-00-00.8haydsw.mongodb.net:27017 to client view of cluster
2025-10-31T17:34:47.574-04:00  INFO 8016 --- [sample-app-java-mflix] [ngodb.net:27017] org.mongodb.driver.cluster               : Monitor thread successfully connected to server with description ServerDescription{address=ac-r7le7v3-shard-00-02.8haydsw.mongodb.net:27017, type=REPLICA_SET_PRIMARY, cryptd=false, state=CONNECTED, ok=true, minWireVersion=0, maxWireVersion=25, maxDocumentSize=16777216, logicalSessionTimeoutMinutes=30, roundTripTimeNanos=274686333, minRoundTripTimeNanos=0, setName='atlas-8zgru4-shard-0', canonicalAddress=ac-r7le7v3-shard-00-02.8haydsw.mongodb.net:27017, hosts=[ac-r7le7v3-shard-00-00.8haydsw.mongodb.net:27017, ac-r7le7v3-shard-00-02.8haydsw.mongodb.net:27017, ac-r7le7v3-shard-00-01.8haydsw.mongodb.net:27017], passives=[], arbiters=[], primary='ac-r7le7v3-shard-00-02.8haydsw.mongodb.net:27017', tagSet=TagSet{[Tag{name='availabilityZone', value='use1-az2'}, Tag{name='diskState', value='READY'}, Tag{name='nodeType', value='ELECTABLE'}, Tag{name='provider', value='AWS'}, Tag{name='region', value='US_EAST_1'}, Tag{name='workloadType', value='OPERATIONAL'}]}, electionId=7fffffff00000000000001b6, setVersion=138, topologyVersion=TopologyVersion{processId=68f7de8882ed9ba1a5eb70c0, counter=6}, lastWriteDate=Fri Oct 31 17:34:47 EDT 2025, lastUpdateTimeNanos=2139046003285500}
2025-10-31T17:34:47.575-04:00  INFO 8016 --- [sample-app-java-mflix] [ngodb.net:27017] org.mongodb.driver.cluster               : Discovered replica set primary ac-r7le7v3-shard-00-02.8haydsw.mongodb.net:27017 with max election id 7fffffff00000000000001b6 and max set version 138
2025-10-31T17:34:47.588-04:00  INFO 8016 --- [sample-app-java-mflix] [ngodb.net:27017] org.mongodb.driver.cluster               : Monitor thread successfully connected to server with description ServerDescription{address=ac-r7le7v3-shard-00-00.8haydsw.mongodb.net:27017, type=REPLICA_SET_SECONDARY, cryptd=false, state=CONNECTED, ok=true, minWireVersion=0, maxWireVersion=25, maxDocumentSize=16777216, logicalSessionTimeoutMinutes=30, roundTripTimeNanos=311635833, minRoundTripTimeNanos=0, setName='atlas-8zgru4-shard-0', canonicalAddress=ac-r7le7v3-shard-00-00.8haydsw.mongodb.net:27017, hosts=[ac-r7le7v3-shard-00-00.8haydsw.mongodb.net:27017, ac-r7le7v3-shard-00-02.8haydsw.mongodb.net:27017, ac-r7le7v3-shard-00-01.8haydsw.mongodb.net:27017], passives=[], arbiters=[], primary='ac-r7le7v3-shard-00-02.8haydsw.mongodb.net:27017', tagSet=TagSet{[Tag{name='availabilityZone', value='use1-az6'}, Tag{name='diskState', value='READY'}, Tag{name='nodeType', value='ELECTABLE'}, Tag{name='provider', value='AWS'}, Tag{name='region', value='US_EAST_1'}, Tag{name='workloadType', value='OPERATIONAL'}]}, electionId=null, setVersion=138, topologyVersion=TopologyVersion{processId=68f7db9f03e20fd82a648146, counter=4}, lastWriteDate=Fri Oct 31 17:34:47 EDT 2025, lastUpdateTimeNanos=2139046018558958}
2025-10-31T17:34:47.588-04:00  INFO 8016 --- [sample-app-java-mflix] [ngodb.net:27017] org.mongodb.driver.cluster               : Monitor thread successfully connected to server with description ServerDescription{address=ac-r7le7v3-shard-00-01.8haydsw.mongodb.net:27017, type=REPLICA_SET_SECONDARY, cryptd=false, state=CONNECTED, ok=true, minWireVersion=0, maxWireVersion=25, maxDocumentSize=16777216, logicalSessionTimeoutMinutes=30, roundTripTimeNanos=253408083, minRoundTripTimeNanos=0, setName='atlas-8zgru4-shard-0', canonicalAddress=ac-r7le7v3-shard-00-01.8haydsw.mongodb.net:27017, hosts=[ac-r7le7v3-shard-00-00.8haydsw.mongodb.net:27017, ac-r7le7v3-shard-00-02.8haydsw.mongodb.net:27017, ac-r7le7v3-shard-00-01.8haydsw.mongodb.net:27017], passives=[], arbiters=[], primary='ac-r7le7v3-shard-00-02.8haydsw.mongodb.net:27017', tagSet=TagSet{[Tag{name='availabilityZone', value='use1-az1'}, Tag{name='diskState', value='READY'}, Tag{name='nodeType', value='ELECTABLE'}, Tag{name='provider', value='AWS'}, Tag{name='region', value='US_EAST_1'}, Tag{name='workloadType', value='OPERATIONAL'}]}, electionId=null, setVersion=138, topologyVersion=TopologyVersion{processId=68f7e10b24d203f8846e4174, counter=3}, lastWriteDate=Fri Oct 31 17:34:47 EDT 2025, lastUpdateTimeNanos=2139046018819250}
2025-10-31T17:34:48.112-04:00  INFO 8016 --- [sample-app-java-mflix] [           main] c.m.s.config.DatabaseVerification        : Movies collection found with 21349 documents
2025-10-31T17:34:48.274-04:00  INFO 8016 --- [sample-app-java-mflix] [           main] c.m.s.config.DatabaseVerification        : Text search index 'text_search_index' created/verified for movies collection
2025-10-31T17:34:48.274-04:00  INFO 8016 --- [sample-app-java-mflix] [           main] c.m.s.config.DatabaseVerification        : Database verification completed successfully
2025-10-31T17:34:48.291-04:00  INFO 8016 --- [sample-app-java-mflix] [           main] org.mongodb.driver.client                : MongoClient with metadata {"driver": {"name": "mongo-java-driver|sync|spring-data", "version": "5.5.2"}, "os": {"type": "Darwin", "name": "Mac OS X", "architecture": "aarch64", "version": "15.7.1"}, "platform": "Java/Amazon.com Inc./21.0.4+7-LTS"} created with settings MongoClientSettings{readPreference=primary, writeConcern=WriteConcern{w=majority, wTimeout=null ms, journal=null}, retryWrites=true, retryReads=true, readConcern=ReadConcern{level=null}, credential=MongoCredential{mechanism=null, userName='cory', source='admin', password=<hidden>, mechanismProperties=<hidden>}, transportSettings=null, commandListeners=[], codecRegistry=ProvidersCodecRegistry{codecProviders=[ValueCodecProvider{}, BsonValueCodecProvider{}, DBRefCodecProvider{}, DBObjectCodecProvider{}, DocumentCodecProvider{}, CollectionCodecProvider{}, IterableCodecProvider{}, MapCodecProvider{}, GeoJsonCodecProvider{}, GridFSFileCodecProvider{}, Jsr310CodecProvider{}, JsonObjectCodecProvider{}, BsonCodecProvider{}, EnumCodecProvider{}, com.mongodb.client.model.mql.ExpressionCodecProvider@51888019, com.mongodb.Jep395RecordCodecProvider@6f50d55c, com.mongodb.KotlinCodecProvider@19b5214b]}, loggerSettings=LoggerSettings{maxDocumentLength=1000}, clusterSettings={hosts=[127.0.0.1:27017], srvHost=sandbox.8haydsw.mongodb.net, srvServiceName=mongodb, mode=MULTIPLE, requiredClusterType=REPLICA_SET, requiredReplicaSetName='atlas-8zgru4-shard-0', serverSelector='null', clusterListeners='[]', serverSelectionTimeout='10000 ms', localThreshold='15 ms'}, socketSettings=SocketSettings{connectTimeoutMS=10000, readTimeoutMS=60000, receiveBufferSize=0, proxySettings=ProxySettings{host=null, port=null, username=null, password=null}}, heartbeatSocketSettings=SocketSettings{connectTimeoutMS=10000, readTimeoutMS=10000, receiveBufferSize=0, proxySettings=ProxySettings{host=null, port=null, username=null, password=null}}, connectionPoolSettings=ConnectionPoolSettings{maxSize=100, minSize=10, maxWaitTimeMS=10000, maxConnectionLifeTimeMS=0, maxConnectionIdleTimeMS=60000, maintenanceInitialDelayMS=0, maintenanceFrequencyMS=60000, connectionPoolListeners=[], maxConnecting=2}, serverSettings=ServerSettings{heartbeatFrequencyMS=10000, minHeartbeatFrequencyMS=500, serverMonitoringMode=AUTO, serverListeners='[]', serverMonitorListeners='[]'}, sslSettings=SslSettings{enabled=true, invalidHostNameAllowed=false, context=null}, applicationName='null', compressorList=[], uuidRepresentation=JAVA_LEGACY, serverApi=null, autoEncryptionSettings=null, dnsClient=null, inetAddressResolver=null, contextProvider=null, timeoutMS=null}
2025-10-31T17:34:48.292-04:00  INFO 8016 --- [sample-app-java-mflix] [dsw.mongodb.net] org.mongodb.driver.cluster               : Adding discovered server ac-r7le7v3-shard-00-02.8haydsw.mongodb.net:27017 to client view of cluster
2025-10-31T17:34:48.293-04:00  INFO 8016 --- [sample-app-java-mflix] [dsw.mongodb.net] org.mongodb.driver.cluster               : Adding discovered server ac-r7le7v3-shard-00-01.8haydsw.mongodb.net:27017 to client view of cluster
2025-10-31T17:34:48.293-04:00  INFO 8016 --- [sample-app-java-mflix] [dsw.mongodb.net] org.mongodb.driver.cluster               : Adding discovered server ac-r7le7v3-shard-00-00.8haydsw.mongodb.net:27017 to client view of cluster
2025-10-31T17:34:48.525-04:00  INFO 8016 --- [sample-app-java-mflix] [ngodb.net:27017] org.mongodb.driver.cluster               : Monitor thread successfully connected to server with description ServerDescription{address=ac-r7le7v3-shard-00-02.8haydsw.mongodb.net:27017, type=REPLICA_SET_PRIMARY, cryptd=false, state=CONNECTED, ok=true, minWireVersion=0, maxWireVersion=25, maxDocumentSize=16777216, logicalSessionTimeoutMinutes=30, roundTripTimeNanos=140970125, minRoundTripTimeNanos=0, setName='atlas-8zgru4-shard-0', canonicalAddress=ac-r7le7v3-shard-00-02.8haydsw.mongodb.net:27017, hosts=[ac-r7le7v3-shard-00-00.8haydsw.mongodb.net:27017, ac-r7le7v3-shard-00-02.8haydsw.mongodb.net:27017, ac-r7le7v3-shard-00-01.8haydsw.mongodb.net:27017], passives=[], arbiters=[], primary='ac-r7le7v3-shard-00-02.8haydsw.mongodb.net:27017', tagSet=TagSet{[Tag{name='availabilityZone', value='use1-az2'}, Tag{name='diskState', value='READY'}, Tag{name='nodeType', value='ELECTABLE'}, Tag{name='provider', value='AWS'}, Tag{name='region', value='US_EAST_1'}, Tag{name='workloadType', value='OPERATIONAL'}]}, electionId=7fffffff00000000000001b6, setVersion=138, topologyVersion=TopologyVersion{processId=68f7de8882ed9ba1a5eb70c0, counter=6}, lastWriteDate=Fri Oct 31 17:34:48 EDT 2025, lastUpdateTimeNanos=2139046955259666}
2025-10-31T17:34:48.525-04:00  INFO 8016 --- [sample-app-java-mflix] [ngodb.net:27017] org.mongodb.driver.cluster               : Discovered replica set primary ac-r7le7v3-shard-00-02.8haydsw.mongodb.net:27017 with max election id 7fffffff00000000000001b6 and max set version 138
2025-10-31T17:34:48.530-04:00  INFO 8016 --- [sample-app-java-mflix] [ngodb.net:27017] org.mongodb.driver.cluster               : Monitor thread successfully connected to server with description ServerDescription{address=ac-r7le7v3-shard-00-01.8haydsw.mongodb.net:27017, type=REPLICA_SET_SECONDARY, cryptd=false, state=CONNECTED, ok=true, minWireVersion=0, maxWireVersion=25, maxDocumentSize=16777216, logicalSessionTimeoutMinutes=30, roundTripTimeNanos=145755709, minRoundTripTimeNanos=0, setName='atlas-8zgru4-shard-0', canonicalAddress=ac-r7le7v3-shard-00-01.8haydsw.mongodb.net:27017, hosts=[ac-r7le7v3-shard-00-00.8haydsw.mongodb.net:27017, ac-r7le7v3-shard-00-02.8haydsw.mongodb.net:27017, ac-r7le7v3-shard-00-01.8haydsw.mongodb.net:27017], passives=[], arbiters=[], primary='ac-r7le7v3-shard-00-02.8haydsw.mongodb.net:27017', tagSet=TagSet{[Tag{name='availabilityZone', value='use1-az1'}, Tag{name='diskState', value='READY'}, Tag{name='nodeType', value='ELECTABLE'}, Tag{name='provider', value='AWS'}, Tag{name='region', value='US_EAST_1'}, Tag{name='workloadType', value='OPERATIONAL'}]}, electionId=null, setVersion=138, topologyVersion=TopologyVersion{processId=68f7e10b24d203f8846e4174, counter=3}, lastWriteDate=Fri Oct 31 17:34:48 EDT 2025, lastUpdateTimeNanos=2139046960454708}
2025-10-31T17:34:48.578-04:00  INFO 8016 --- [sample-app-java-mflix] [ngodb.net:27017] org.mongodb.driver.cluster               : Monitor thread successfully connected to server with description ServerDescription{address=ac-r7le7v3-shard-00-00.8haydsw.mongodb.net:27017, type=REPLICA_SET_SECONDARY, cryptd=false, state=CONNECTED, ok=true, minWireVersion=0, maxWireVersion=25, maxDocumentSize=16777216, logicalSessionTimeoutMinutes=30, roundTripTimeNanos=193414167, minRoundTripTimeNanos=0, setName='atlas-8zgru4-shard-0', canonicalAddress=ac-r7le7v3-shard-00-00.8haydsw.mongodb.net:27017, hosts=[ac-r7le7v3-shard-00-00.8haydsw.mongodb.net:27017, ac-r7le7v3-shard-00-02.8haydsw.mongodb.net:27017, ac-r7le7v3-shard-00-01.8haydsw.mongodb.net:27017], passives=[], arbiters=[], primary='ac-r7le7v3-shard-00-02.8haydsw.mongodb.net:27017', tagSet=TagSet{[Tag{name='availabilityZone', value='use1-az6'}, Tag{name='diskState', value='READY'}, Tag{name='nodeType', value='ELECTABLE'}, Tag{name='provider', value='AWS'}, Tag{name='region', value='US_EAST_1'}, Tag{name='workloadType', value='OPERATIONAL'}]}, electionId=null, setVersion=138, topologyVersion=TopologyVersion{processId=68f7db9f03e20fd82a648146, counter=4}, lastWriteDate=Fri Oct 31 17:34:48 EDT 2025, lastUpdateTimeNanos=2139047008205458}
2025-10-31T17:34:48.809-04:00  INFO 8016 --- [sample-app-java-mflix] [           main] c.m.s.i.AtlasSearchIntegrationTest       : Started AtlasSearchIntegrationTest in 3.213 seconds (process running for 3.881)
Skipping Atlas Search tests - ENABLE_ATLAS_SEARCH_TESTS not set
Skipping test - Atlas Search not enabled
]]></system-out>
  </testcase>
  <testcase name="testSearchMoviesByPlot_NoResults" classname="Atlas Search Integration Tests" time="0.003">
    <system-out><![CDATA[Skipping test - Atlas Search not enabled
]]></system-out>
  </testcase>
  <testcase name="testSearchMoviesByPlot_Success" classname="Atlas Search Integration Tests" time="0.002">
    <system-out><![CDATA[Skipping test - Atlas Search not enabled
]]></system-out>
  </testcase>
  <testcase name="testSearchMoviesByPlot_WithPagination" classname="Atlas Search Integration Tests" time="0.002">
    <system-out><![CDATA[Skipping test - Atlas Search not enabled
]]></system-out>
  </testcase>
</testsuite>